<?xml version="1.0" encoding="UTF-8"?>
<testsuite xmlns:xsi="http://www.w3.org/2001/XMLSchema-instance" xsi:noNamespaceSchemaLocation="https://maven.apache.org/surefire/maven-surefire-plugin/xsd/surefire-test-report.xsd" name="ca.tsmoreland.courseinfo.cli.service.PluralsightCourseTest" time="0.15" tests="2" errors="0" skipped="0" failures="0">
  <properties>
[...]
</properties>
  <testcase name="parseDurationShouldReturnDurationWhenDurationStringIsValid{String, long}[1]" classname="ca.tsmoreland.courseinfo.cli.service.PluralsightCourseTest" time="0.063"/>
  <testcase name="parseDurationShouldReturnDurationWhenDurationStringIsValid{String, long}[2]" classname="ca.tsmoreland.courseinfo.cli.service.PluralsightCourseTest" time="0.001"/>
</testsuite>